<?xml version="1.0" encoding="UTF-8"?>
<testng-results skipped="0" failed="0" total="1" passed="1">
  <reporter-output>
  </reporter-output>
  <suite name="Default suite" duration-ms="3316" started-at="2020-01-21T12:16:07Z" finished-at="2020-01-21T12:16:10Z">
    <groups>
    </groups>
    <test name="Default test" duration-ms="3316" started-at="2020-01-21T12:16:07Z" finished-at="2020-01-21T12:16:10Z">
      <class name="com.rest.assure.getsample.FindGetResponse">
        <test-method status="PASS" signature="getResponse()[pri:0, instance:com.rest.assure.getsample.FindGetResponse@f8c1ddd]" name="getResponse" duration-ms="3208" started-at="2020-01-21T17:46:07Z" finished-at="2020-01-21T17:46:10Z">
          <reporter-output>
          </reporter-output>
        </test-method> <!-- getResponse -->
      </class> <!-- com.rest.assure.getsample.FindGetResponse -->
    </test> <!-- Default test -->
  </suite> <!-- Default suite -->
</testng-results>
